<?xml version="1.0" encoding="UTF-8"?>
<!-- Generated by org.testng.reporters.JUnitXMLReporter -->
<testsuite ignored="0" hostname="Nikhil" failures="1" tests="3" name="ErrorValidation" time="26.825" errors="0" timestamp="2022-12-02T20:43:46 IST">
  <testcase classname="NikhilSoniAcademy.ErrorValidation" name="ErrorValidations" time="0.785">
    <skipped/>
  </testcase> <!-- ErrorValidations -->
  <testcase classname="NikhilSoniAcademy.ErrorValidation" name="ErrorValidations" time="0.723">
    <failure type="java.lang.AssertionError" message="expected [Incorrect email or password.] but found [Incorrect email or pas@sword.]">
      <![CDATA[java.lang.AssertionError: expected [Incorrect email or password.] but found [Incorrect email or pas@sword.]
at NikhilSoniAcademy.ErrorValidation.ErrorValidations(ErrorValidation.java:31)
at java.base/java.util.ArrayList.forEach(ArrayList.java:1511)
... Removed 33 stack frames]]>
    </failure>
  </testcase> <!-- ErrorValidations -->
  <testcase classname="NikhilSoniAcademy.ErrorValidation" name="checkingForProducts" time="4.911"/>
</testsuite> <!-- ErrorValidation -->
